[2017-02-24 09:55:42][debug] begin notify
[2017-02-24 09:55:42][debug] call back:{"appid":"wxdbba8ae5cc57d71e","attach":"test","bank_type":"CFT","cash_fee":"10","fee_type":"CNY","is_subscribe":"Y","mch_id":"1230458202","nonce_str":"fzqk54xu3hm0dylzdqoggo7cxc7la5ko","openid":"oT36SuJdmcxhHT-GdamwPwaRwzyE","out_trade_no":"7788_20170224095521442","result_code":"SUCCESS","return_code":"SUCCESS","sign":"76AC2407FE886F675180282C275A6301","time_end":"20170224095542","total_fee":"10","trade_type":"JSAPI","transaction_id":"4009472001201702241097538759"}
[2017-02-24 09:55:44][debug] query:{"appid":"wxdbba8ae5cc57d71e","attach":"test","bank_type":"CFT","cash_fee":"10","fee_type":"CNY","is_subscribe":"Y","mch_id":"1230458202","nonce_str":"XAvuW4QrErygA0i3","openid":"oT36SuJdmcxhHT-GdamwPwaRwzyE","out_trade_no":"7788_20170224095521442","result_code":"SUCCESS","return_code":"SUCCESS","return_msg":"OK","sign":"B003DF287586B252DE034DEA75A1E916","time_end":"20170224095542","total_fee":"10","trade_state":"SUCCESS","trade_type":"JSAPI","transaction_id":"4009472001201702241097538759"}
[2017-02-24 09:55:44][debug] 已进入
[2017-02-24 09:55:44][debug] select * from cmf_users_charge where orderno='7788_20170224095521442' and money='0.1' and status='0' and type='2'
[2017-02-24 09:55:44][debug] 支付成功
[2017-02-24 09:58:12][debug] begin notify
[2017-02-24 09:58:12][debug] call back:{"appid":"wxdbba8ae5cc57d71e","attach":"test","bank_type":"CCB_DEBIT","cash_fee":"10","fee_type":"CNY","is_subscribe":"Y","mch_id":"1230458202","nonce_str":"3yq7dn4zg7rmlxonqz92i4a9u95b2o1x","openid":"oT36SuE6tYAHLcMalilniZzWFgK8","out_trade_no":"7793_20170224095759638","result_code":"SUCCESS","return_code":"SUCCESS","sign":"787C55E5552140E7D8EE218F67256274","time_end":"20170224095811","total_fee":"10","trade_type":"JSAPI","transaction_id":"4007532001201702241102396007"}
[2017-02-24 09:58:15][debug] query:{"appid":"wxdbba8ae5cc57d71e","attach":"test","bank_type":"CCB_DEBIT","cash_fee":"10","fee_type":"CNY","is_subscribe":"Y","mch_id":"1230458202","nonce_str":"RcYEFs0dXFljNk4B","openid":"oT36SuE6tYAHLcMalilniZzWFgK8","out_trade_no":"7793_20170224095759638","result_code":"SUCCESS","return_code":"SUCCESS","return_msg":"OK","sign":"1B4C9CCA43CE473CC9F70A233A872864","time_end":"20170224095811","total_fee":"10","trade_state":"SUCCESS","trade_type":"JSAPI","transaction_id":"4007532001201702241102396007"}
[2017-02-24 09:58:15][debug] 已进入
[2017-02-24 09:58:15][debug] select * from cmf_users_charge where orderno='7793_20170224095759638' and money='0.1' and status='0' and type='2'
[2017-02-24 09:58:15][debug] 支付成功
[2017-02-24 09:58:23][debug] begin notify
[2017-02-24 09:58:23][debug] call back:{"appid":"wxdbba8ae5cc57d71e","attach":"test","bank_type":"CCB_DEBIT","cash_fee":"10","fee_type":"CNY","is_subscribe":"Y","mch_id":"1230458202","nonce_str":"3yq7dn4zg7rmlxonqz92i4a9u95b2o1x","openid":"oT36SuE6tYAHLcMalilniZzWFgK8","out_trade_no":"7793_20170224095759638","result_code":"SUCCESS","return_code":"SUCCESS","sign":"787C55E5552140E7D8EE218F67256274","time_end":"20170224095811","total_fee":"10","trade_type":"JSAPI","transaction_id":"4007532001201702241102396007"}
[2017-02-24 09:58:26][debug] query:{"appid":"wxdbba8ae5cc57d71e","attach":"test","bank_type":"CCB_DEBIT","cash_fee":"10","fee_type":"CNY","is_subscribe":"Y","mch_id":"1230458202","nonce_str":"1gqYUqBwlMcfPnf7","openid":"oT36SuE6tYAHLcMalilniZzWFgK8","out_trade_no":"7793_20170224095759638","result_code":"SUCCESS","return_code":"SUCCESS","return_msg":"OK","sign":"F8181DB609FC124E3E21B859EAF834E1","time_end":"20170224095811","total_fee":"10","trade_state":"SUCCESS","trade_type":"JSAPI","transaction_id":"4007532001201702241102396007"}
[2017-02-24 09:58:26][debug] 已进入
[2017-02-24 09:58:26][debug] select * from cmf_users_charge where orderno='7793_20170224095759638' and money='0.1' and status='0' and type='2'
[2017-02-24 09:58:26][debug] 7793_20170224095759638 订单信息不存在
[2017-02-24 09:59:32][debug] begin notify
[2017-02-24 09:59:32][debug] call back:{"appid":"wxdbba8ae5cc57d71e","attach":"test","bank_type":"CFT","cash_fee":"10","fee_type":"CNY","is_subscribe":"Y","mch_id":"1230458202","nonce_str":"yx0ksacz6z7jkcoyirmrao1dqvjck0hq","openid":"oT36SuJAqcgj3DOg6sv-DeQRRK7k","out_trade_no":"7790_20170224095921376","result_code":"SUCCESS","return_code":"SUCCESS","sign":"636A83C00A3868AA85D801FDBE9DACA1","time_end":"20170224095931","total_fee":"10","trade_type":"JSAPI","transaction_id":"4008972001201702241099205023"}
[2017-02-24 09:59:33][debug] query:{"appid":"wxdbba8ae5cc57d71e","attach":"test","bank_type":"CFT","cash_fee":"10","fee_type":"CNY","is_subscribe":"Y","mch_id":"1230458202","nonce_str":"4EFrt2stPnJem1Yx","openid":"oT36SuJAqcgj3DOg6sv-DeQRRK7k","out_trade_no":"7790_20170224095921376","result_code":"SUCCESS","return_code":"SUCCESS","return_msg":"OK","sign":"F86AA6D0CA973DF6C7A4F50D19625191","time_end":"20170224095931","total_fee":"10","trade_state":"SUCCESS","trade_type":"JSAPI","transaction_id":"4008972001201702241099205023"}
[2017-02-24 09:59:33][debug] 已进入
[2017-02-24 09:59:33][debug] select * from cmf_users_charge where orderno='7790_20170224095921376' and money='0.1' and status='0' and type='2'
[2017-02-24 09:59:33][debug] 支付成功
[2017-02-24 10:02:30][debug] begin notify
[2017-02-24 10:02:30][debug] call back:{"appid":"wxdbba8ae5cc57d71e","attach":"test","bank_type":"ABC_DEBIT","cash_fee":"10","fee_type":"CNY","is_subscribe":"Y","mch_id":"1230458202","nonce_str":"ap4oz6gfdg4mlveufkp0oawb6cmrwq44","openid":"oT36SuLB5w36VxJdHpLfzktiWmmU","out_trade_no":"7794_20170224100220659","result_code":"SUCCESS","return_code":"SUCCESS","sign":"74B3F2B5EE7451D3C61C9F0AC782349C","time_end":"20170224100230","total_fee":"10","trade_type":"JSAPI","transaction_id":"4005702001201702241097715967"}
[2017-02-24 10:02:32][debug] query:{"appid":"wxdbba8ae5cc57d71e","attach":"test","bank_type":"ABC_DEBIT","cash_fee":"10","fee_type":"CNY","is_subscribe":"Y","mch_id":"1230458202","nonce_str":"jPsUY0Ti2IobnNnZ","openid":"oT36SuLB5w36VxJdHpLfzktiWmmU","out_trade_no":"7794_20170224100220659","result_code":"SUCCESS","return_code":"SUCCESS","return_msg":"OK","sign":"8D8BB01766B8D8023B1C033FDC893B60","time_end":"20170224100230","total_fee":"10","trade_state":"SUCCESS","trade_type":"JSAPI","transaction_id":"4005702001201702241097715967"}
[2017-02-24 10:02:32][debug] 已进入
[2017-02-24 10:02:32][debug] select * from cmf_users_charge where orderno='7794_20170224100220659' and money='0.1' and status='0' and type='2'
[2017-02-24 10:02:32][debug] 支付成功
[2017-02-24 14:31:07][debug] begin notify
[2017-02-24 14:31:07][debug] call back:{"appid":"wxdbba8ae5cc57d71e","attach":"test","bank_type":"CFT","cash_fee":"10","fee_type":"CNY","is_subscribe":"Y","mch_id":"1230458202","nonce_str":"stsksh3xk7zljo8svec6xvjcbdwpj2xw","openid":"oT36SuPYQbhLvvtEt8JGd05fkBCg","out_trade_no":"7749_20170224143059164","result_code":"SUCCESS","return_code":"SUCCESS","sign":"48153B1DA5D52B111BF522B20C94CFE9","time_end":"20170224143107","total_fee":"10","trade_type":"JSAPI","transaction_id":"4005682001201702241131506787"}
[2017-02-24 14:31:11][debug] query:{"appid":"wxdbba8ae5cc57d71e","attach":"test","bank_type":"CFT","cash_fee":"10","fee_type":"CNY","is_subscribe":"Y","mch_id":"1230458202","nonce_str":"XVLgKKTyHaDlZdYt","openid":"oT36SuPYQbhLvvtEt8JGd05fkBCg","out_trade_no":"7749_20170224143059164","result_code":"SUCCESS","return_code":"SUCCESS","return_msg":"OK","sign":"F75AD8E9D084887633AED935D1B5CDBA","time_end":"20170224143107","total_fee":"10","trade_state":"SUCCESS","trade_type":"JSAPI","transaction_id":"4005682001201702241131506787"}
[2017-02-24 14:31:11][debug] 已进入
[2017-02-24 14:31:11][debug] select * from cmf_users_charge where orderno='7749_20170224143059164' and money='0.1' and status='0' and type='2'
[2017-02-24 14:31:11][debug] 支付成功
[2017-02-24 14:31:22][debug] begin notify
[2017-02-24 14:31:22][debug] call back:{"appid":"wxdbba8ae5cc57d71e","attach":"test","bank_type":"CFT","cash_fee":"10","fee_type":"CNY","is_subscribe":"Y","mch_id":"1230458202","nonce_str":"stsksh3xk7zljo8svec6xvjcbdwpj2xw","openid":"oT36SuPYQbhLvvtEt8JGd05fkBCg","out_trade_no":"7749_20170224143059164","result_code":"SUCCESS","return_code":"SUCCESS","sign":"48153B1DA5D52B111BF522B20C94CFE9","time_end":"20170224143107","total_fee":"10","trade_type":"JSAPI","transaction_id":"4005682001201702241131506787"}
[2017-02-24 14:31:22][debug] query:{"appid":"wxdbba8ae5cc57d71e","attach":"test","bank_type":"CFT","cash_fee":"10","fee_type":"CNY","is_subscribe":"Y","mch_id":"1230458202","nonce_str":"58RNv8zIuOV2yDLf","openid":"oT36SuPYQbhLvvtEt8JGd05fkBCg","out_trade_no":"7749_20170224143059164","result_code":"SUCCESS","return_code":"SUCCESS","return_msg":"OK","sign":"956FCFC20B046ADD5307C1F0108CAC35","time_end":"20170224143107","total_fee":"10","trade_state":"SUCCESS","trade_type":"JSAPI","transaction_id":"4005682001201702241131506787"}
[2017-02-24 14:31:22][debug] 已进入
[2017-02-24 14:31:22][debug] select * from cmf_users_charge where orderno='7749_20170224143059164' and money='0.1' and status='0' and type='2'
[2017-02-24 14:31:22][debug] 7749_20170224143059164 订单信息不存在
