[ 2017-02-18T16:23:12+08:00 ] 27.200.24.8 /wxshare/index.php?m=Index&a=index
INFO: [ app_init ] --START--
INFO: Run Behavior\BuildLiteBehavior [ RunTime:0.000013s ]
INFO: [ app_init ] --END-- [ RunTime:0.000066s ]
ERR: 无法加载模块:Index

[ 2017-02-18T16:23:13+08:00 ] 27.200.24.8 /wxshare/index.php?m=Index&a=index
INFO: [ app_init ] --START--
INFO: Run Behavior\BuildLiteBehavior [ RunTime:0.000013s ]
INFO: [ app_init ] --END-- [ RunTime:0.000064s ]
ERR: 无法加载模块:Index

[ 2017-02-18T16:23:13+08:00 ] 27.200.24.8 /wxshare/index.php?m=Index&a=index
INFO: [ app_init ] --START--
INFO: Run Behavior\BuildLiteBehavior [ RunTime:0.000015s ]
INFO: [ app_init ] --END-- [ RunTime:0.000067s ]
ERR: 无法加载模块:Index

[ 2017-02-18T16:23:13+08:00 ] 27.200.24.8 /wxshare/index.php?m=Index&a=index
INFO: [ app_init ] --START--
INFO: Run Behavior\BuildLiteBehavior [ RunTime:0.000017s ]
INFO: [ app_init ] --END-- [ RunTime:0.000087s ]
ERR: 无法加载模块:Index

[ 2017-02-18T16:23:13+08:00 ] 27.200.24.8 /wxshare/index.php?m=Index&a=index
INFO: [ app_init ] --START--
INFO: Run Behavior\BuildLiteBehavior [ RunTime:0.000013s ]
INFO: [ app_init ] --END-- [ RunTime:0.000062s ]
ERR: 无法加载模块:Index

[ 2017-02-18T16:23:14+08:00 ] 27.200.24.8 /wxshare/index.php?m=Index&a=index
INFO: [ app_init ] --START--
INFO: Run Behavior\BuildLiteBehavior [ RunTime:0.000018s ]
INFO: [ app_init ] --END-- [ RunTime:0.000092s ]
ERR: 无法加载模块:Index

[ 2017-02-18T16:23:14+08:00 ] 27.200.24.8 /wxshare/index.php?m=Index&a=index
INFO: [ app_init ] --START--
INFO: Run Behavior\BuildLiteBehavior [ RunTime:0.000015s ]
INFO: [ app_init ] --END-- [ RunTime:0.000065s ]
ERR: 无法加载模块:Index

[ 2017-02-18T16:23:15+08:00 ] 27.200.24.8 /wxshare/index.php?m=Index&a=index
INFO: [ app_init ] --START--
INFO: Run Behavior\BuildLiteBehavior [ RunTime:0.000013s ]
INFO: [ app_init ] --END-- [ RunTime:0.000063s ]
ERR: 无法加载模块:Index

